<?xml version="1.0" encoding="UTF-8"?>
<!-- Generated by org.testng.reporters.JUnitXMLReporter -->
<testsuite hostname="macpk-wks-0008" ignored="0" name="IETest" tests="3" failures="0" timestamp="19 Oct 2017 09:57:48 GMT" time="2.084" errors="0">
  <testcase name="@BeforeTest setup" time="2.047" classname="Execution_Suite.Velocity_Distributor_WithLicence">
    <failure type="org.openqa.selenium.SessionNotCreatedException" message="Unexpected error launching Internet Explorer. Protected Mode settings are not the same for all zones. Enable Protected Mode must be set to the same value (enabled or disabled) for all zones.
Build info: version: &amp;apos;3.6.0&amp;apos;, revision: &amp;apos;6fbf3ec767&amp;apos;, time: &amp;apos;2017-09-27T16:15:26.402Z&amp;apos;
System info: host: &amp;apos;MACPK-WKS-0008&amp;apos;, ip: &amp;apos;172.25.174.218&amp;apos;, os.name: &amp;apos;Windows 7&amp;apos;, os.arch: &amp;apos;amd64&amp;apos;, os.version: &amp;apos;6.1&amp;apos;, java.version: &amp;apos;1.8.0_131&amp;apos;
Driver info: driver.version: InternetExplorerDriver
remote stacktrace: ">
      <![CDATA[org.openqa.selenium.SessionNotCreatedException: Unexpected error launching Internet Explorer. Protected Mode settings are not the same for all zones. Enable Protected Mode must be set to the same value (enabled or disabled) for all zones.
Build info: version: '3.6.0', revision: '6fbf3ec767', time: '2017-09-27T16:15:26.402Z'
System info: host: 'MACPK-WKS-0008', ip: '172.25.174.218', os.name: 'Windows 7', os.arch: 'amd64', os.version: '6.1', java.version: '1.8.0_131'
Driver info: driver.version: InternetExplorerDriver
remote stacktrace: 
	at org.openqa.selenium.remote.W3CHandshakeResponse.lambda$new$0(W3CHandshakeResponse.java:57)
	at org.openqa.selenium.remote.W3CHandshakeResponse.lambda$getResponseFunction$2(W3CHandshakeResponse.java:104)
	at org.openqa.selenium.remote.ProtocolHandshake.lambda$createSession$24(ProtocolHandshake.java:359)
	at java.util.stream.ReferencePipeline$3$1.accept(Unknown Source)
	at java.util.Spliterators$ArraySpliterator.tryAdvance(Unknown Source)
	at java.util.stream.ReferencePipeline.forEachWithCancel(Unknown Source)
	at java.util.stream.AbstractPipeline.copyIntoWithCancel(Unknown Source)
	at java.util.stream.AbstractPipeline.copyInto(Unknown Source)
	at java.util.stream.AbstractPipeline.wrapAndCopyInto(Unknown Source)
	at java.util.stream.FindOps$FindOp.evaluateSequential(Unknown Source)
	at java.util.stream.AbstractPipeline.evaluate(Unknown Source)
	at java.util.stream.ReferencePipeline.findFirst(Unknown Source)
	at org.openqa.selenium.remote.ProtocolHandshake.createSession(ProtocolHandshake.java:362)
	at org.openqa.selenium.remote.ProtocolHandshake.createSession(ProtocolHandshake.java:136)
	at org.openqa.selenium.remote.HttpCommandExecutor.execute(HttpCommandExecutor.java:142)
	at org.openqa.selenium.remote.service.DriverCommandExecutor.execute(DriverCommandExecutor.java:83)
	at org.openqa.selenium.remote.RemoteWebDriver.execute(RemoteWebDriver.java:586)
	at org.openqa.selenium.remote.RemoteWebDriver.startSession(RemoteWebDriver.java:217)
	at org.openqa.selenium.ie.InternetExplorerDriver.run(InternetExplorerDriver.java:223)
	at org.openqa.selenium.ie.InternetExplorerDriver.<init>(InternetExplorerDriver.java:215)
	at org.openqa.selenium.ie.InternetExplorerDriver.<init>(InternetExplorerDriver.java:152)
	at Execution_Suite.Velocity_Distributor_WithLicence.setup(Velocity_Distributor_WithLicence.java:56)
... Removed 27 stack frames]]>
    </failure>
  </testcase> <!-- @BeforeTest setup -->
  <testcase name="@AfterTest teardown" time="0.0" classname="Execution_Suite.Velocity_Distributor_WithLicence">
    <skipped/>
  </testcase> <!-- @AfterTest teardown -->
  <testcase name="login" time="0.0" classname="Execution_Suite.Velocity_Distributor_WithLicence">
    <skipped/>
  </testcase> <!-- login -->
  <testcase name="DistributorSearch" time="0.0" classname="Execution_Suite.Velocity_Distributor_WithLicence">
    <skipped/>
  </testcase> <!-- DistributorSearch -->
  <testcase name="AddSharedProduct" time="0.0" classname="Execution_Suite.Velocity_Distributor_WithLicence">
    <skipped/>
  </testcase> <!-- AddSharedProduct -->
</testsuite> <!-- IETest -->
