<?xml version="1.0" encoding="UTF-8"?>
<!-- Generated by org.testng.reporters.JUnitXMLReporter -->
<testsuite hostname="macpk-wks-0008" ignored="0" name="ChromeTest" tests="3" failures="0" timestamp="27 Dec 2017 08:07:19 GMT" time="343.247" errors="0">
  <testcase name="login" time="2.386" classname="Execution_Suite.Velocity_Distributor_WithLicence"/>
  <testcase name="DistributorSearch" time="27.438" classname="Execution_Suite.Velocity_Distributor_WithLicence"/>
  <testcase name="AddSharedProduct" time="302.27" classname="Execution_Suite.Velocity_Distributor_WithLicence"/>
</testsuite> <!-- ChromeTest -->
