<?xml version="1.0" encoding="UTF-8"?>
<!-- Generated by org.testng.reporters.JUnitXMLReporter -->
<testsuite hostname="macpk-wks-0076" ignored="0" name="Decorator With Chrome" tests="2" failures="0" timestamp="14 Apr 2019 05:13:34 GMT" time="171.863" errors="0">
  <testcase name="login" time="0.504" classname="Execution_Suite.Velocity_WithoutLicence_Decorator"/>
  <testcase name="AddSharedProductDecorator" time="158.725" classname="Execution_Suite.Velocity_WithoutLicence_Decorator"/>
</testsuite> <!-- Decorator With Chrome -->
