<?xml version="1.0" encoding="UTF-8"?>
<!-- Generated by org.testng.reporters.JUnitXMLReporter -->
<testsuite hostname="macpk-wks-0076" ignored="0" name="Supplier Without EIT Manager Licence On Firefox Browser" tests="19" failures="1" timestamp="11 Apr 2019 09:50:52 GMT" time="140.38" errors="0">
  <testcase name="@AfterMethod getResult" time="0.002" classname="Execution_Suite.Velocity_Withoutlicence_Supplier">
    <failure type="java.lang.NullPointerException">
      <![CDATA[java.lang.NullPointerExceptionat Execution_Suite.Velocity_Withoutlicence_Supplier.getResult(Velocity_Withoutlicence_Supplier.java:5558)... Removed 28 stack frames]]>
    </failure>
  </testcase> <!-- @AfterMethod getResult -->
  <testcase name="@AfterMethod getResult" time="0.0" classname="Execution_Suite.Velocity_Withoutlicence_Supplier">
    <skipped/>
  </testcase> <!-- @AfterMethod getResult -->
  <testcase name="@AfterMethod getResult" time="0.0" classname="Execution_Suite.Velocity_Withoutlicence_Supplier">
    <skipped/>
  </testcase> <!-- @AfterMethod getResult -->
  <testcase name="@AfterMethod getResult" time="0.0" classname="Execution_Suite.Velocity_Withoutlicence_Supplier">
    <skipped/>
  </testcase> <!-- @AfterMethod getResult -->
  <testcase name="@AfterMethod getResult" time="0.0" classname="Execution_Suite.Velocity_Withoutlicence_Supplier">
    <skipped/>
  </testcase> <!-- @AfterMethod getResult -->
  <testcase name="@AfterMethod getResult" time="0.0" classname="Execution_Suite.Velocity_Withoutlicence_Supplier">
    <skipped/>
  </testcase> <!-- @AfterMethod getResult -->
  <testcase name="@AfterMethod getResult" time="0.0" classname="Execution_Suite.Velocity_Withoutlicence_Supplier">
    <skipped/>
  </testcase> <!-- @AfterMethod getResult -->
  <testcase name="@AfterMethod getResult" time="0.0" classname="Execution_Suite.Velocity_Withoutlicence_Supplier">
    <skipped/>
  </testcase> <!-- @AfterMethod getResult -->
  <testcase name="@AfterMethod getResult" time="0.0" classname="Execution_Suite.Velocity_Withoutlicence_Supplier">
    <skipped/>
  </testcase> <!-- @AfterMethod getResult -->
  <testcase name="@AfterMethod getResult" time="0.0" classname="Execution_Suite.Velocity_Withoutlicence_Supplier">
    <skipped/>
  </testcase> <!-- @AfterMethod getResult -->
  <testcase name="@AfterMethod getResult" time="0.0" classname="Execution_Suite.Velocity_Withoutlicence_Supplier">
    <skipped/>
  </testcase> <!-- @AfterMethod getResult -->
  <testcase name="@AfterMethod getResult" time="0.0" classname="Execution_Suite.Velocity_Withoutlicence_Supplier">
    <skipped/>
  </testcase> <!-- @AfterMethod getResult -->
  <testcase name="@AfterMethod getResult" time="0.0" classname="Execution_Suite.Velocity_Withoutlicence_Supplier">
    <skipped/>
  </testcase> <!-- @AfterMethod getResult -->
  <testcase name="@AfterMethod getResult" time="0.0" classname="Execution_Suite.Velocity_Withoutlicence_Supplier">
    <skipped/>
  </testcase> <!-- @AfterMethod getResult -->
  <testcase name="@AfterMethod getResult" time="0.0" classname="Execution_Suite.Velocity_Withoutlicence_Supplier">
    <skipped/>
  </testcase> <!-- @AfterMethod getResult -->
  <testcase name="@AfterMethod getResult" time="0.0" classname="Execution_Suite.Velocity_Withoutlicence_Supplier">
    <skipped/>
  </testcase> <!-- @AfterMethod getResult -->
  <testcase name="@AfterMethod getResult" time="0.0" classname="Execution_Suite.Velocity_Withoutlicence_Supplier">
    <skipped/>
  </testcase> <!-- @AfterMethod getResult -->
  <testcase name="@AfterMethod getResult" time="0.0" classname="Execution_Suite.Velocity_Withoutlicence_Supplier">
    <skipped/>
  </testcase> <!-- @AfterMethod getResult -->
  <testcase name="@AfterMethod getResult" time="0.0" classname="Execution_Suite.Velocity_Withoutlicence_Supplier">
    <skipped/>
  </testcase> <!-- @AfterMethod getResult -->
  <testcase name="@AfterTest teardown" time="0.0" classname="Execution_Suite.Velocity_Withoutlicence_Supplier">
    <skipped/>
  </testcase> <!-- @AfterTest teardown -->
  <testcase name="login" time="133.499" classname="Execution_Suite.Velocity_Withoutlicence_Supplier">
    <failure type="org.openqa.selenium.TimeoutException" message="Expected condition failed: waiting for element to be clickable: By.xpath: //span[contains(@id,&amp;apos;asinum&amp;apos;)] (tried for 120 second(s) with 500 milliseconds interval)
Build info: version: &amp;apos;3.14.0&amp;apos;, revision: &amp;apos;aacccce0&amp;apos;, time: &amp;apos;2018-08-02T20:19:58.91Z&amp;apos;
System info: host: &amp;apos;MACPK-WKS-0076&amp;apos;, ip: &amp;apos;172.25.177.124&amp;apos;, os.name: &amp;apos;Windows 7&amp;apos;, os.arch: &amp;apos;amd64&amp;apos;, os.version: &amp;apos;6.1&amp;apos;, java.version: &amp;apos;1.8.0_181&amp;apos;
Driver info: org.openqa.selenium.chrome.ChromeDriver
Capabilities {acceptInsecureCerts: false, acceptSslCerts: false, applicationCacheEnabled: false, browserConnectionEnabled: false, browserName: chrome, chrome: {chromedriverVersion: 2.46.628402 (536cd7adbad73a..., userDataDir: C:\Users\BILAL~1.MUB\AppDat...}, cssSelectorsEnabled: true, databaseEnabled: false, goog:chromeOptions: {debuggerAddress: localhost:53803}, handlesAlerts: true, hasTouchScreen: false, javascriptEnabled: true, locationContextEnabled: true, mobileEmulationEnabled: false, nativeEvents: true, networkConnectionEnabled: false, pageLoadStrategy: normal, platform: XP, platformName: XP, proxy: Proxy(), rotatable: false, setWindowRect: true, strictFileInteractability: false, takesHeapSnapshot: true, takesScreenshot: true, timeouts: {implicit: 0, pageLoad: 300000, script: 30000}, unexpectedAlertBehaviour: ignore, unhandledPromptBehavior: ignore, version: 73.0.3683.86, webStorageEnabled: true}
Session ID: cf89b338e8da9d2b001d6782b5bd1d13">
      <![CDATA[org.openqa.selenium.TimeoutException: Expected condition failed: waiting for element to be clickable: By.xpath: //span[contains(@id,'asinum')] (tried for 120 second(s) with 500 milliseconds interval)Build info: version: '3.14.0', revision: 'aacccce0', time: '2018-08-02T20:19:58.91Z'System info: host: 'MACPK-WKS-0076', ip: '172.25.177.124', os.name: 'Windows 7', os.arch: 'amd64', os.version: '6.1', java.version: '1.8.0_181'Driver info: org.openqa.selenium.chrome.ChromeDriverCapabilities {acceptInsecureCerts: false, acceptSslCerts: false, applicationCacheEnabled: false, browserConnectionEnabled: false, browserName: chrome, chrome: {chromedriverVersion: 2.46.628402 (536cd7adbad73a..., userDataDir: C:\Users\BILAL~1.MUB\AppDat...}, cssSelectorsEnabled: true, databaseEnabled: false, goog:chromeOptions: {debuggerAddress: localhost:53803}, handlesAlerts: true, hasTouchScreen: false, javascriptEnabled: true, locationContextEnabled: true, mobileEmulationEnabled: false, nativeEvents: true, networkConnectionEnabled: false, pageLoadStrategy: normal, platform: XP, platformName: XP, proxy: Proxy(), rotatable: false, setWindowRect: true, strictFileInteractability: false, takesHeapSnapshot: true, takesScreenshot: true, timeouts: {implicit: 0, pageLoad: 300000, script: 30000}, unexpectedAlertBehaviour: ignore, unhandledPromptBehavior: ignore, version: 73.0.3683.86, webStorageEnabled: true}Session ID: cf89b338e8da9d2b001d6782b5bd1d13at org.openqa.selenium.support.ui.WebDriverWait.timeoutException(WebDriverWait.java:113)at org.openqa.selenium.support.ui.FluentWait.until(FluentWait.java:283)at Execution_Suite.Velocity_Withoutlicence_Supplier.login(Velocity_Withoutlicence_Supplier.java:196)... Removed 25 stack frames]]>
    </failure>
  </testcase> <!-- login -->
  <testcase name="EspLogoCheck" time="0.0" classname="Execution_Suite.Velocity_Withoutlicence_Supplier">
    <skipped/>
  </testcase> <!-- EspLogoCheck -->
  <testcase name="SupplierInfo" time="0.0" classname="Execution_Suite.Velocity_Withoutlicence_Supplier">
    <skipped/>
  </testcase> <!-- SupplierInfo -->
  <testcase name="HelpLicenceAgreement" time="0.0" classname="Execution_Suite.Velocity_Withoutlicence_Supplier">
    <skipped/>
  </testcase> <!-- HelpLicenceAgreement -->
  <testcase name="HelpandSupport" time="0.0" classname="Execution_Suite.Velocity_Withoutlicence_Supplier">
    <skipped/>
  </testcase> <!-- HelpandSupport -->
  <testcase name="AddUpdate_Product" time="0.0" classname="Execution_Suite.Velocity_Withoutlicence_Supplier">
    <skipped/>
  </testcase> <!-- AddUpdate_Product -->
  <testcase name="ProductInActivation" time="0.0" classname="Execution_Suite.Velocity_Withoutlicence_Supplier">
    <skipped/>
  </testcase> <!-- ProductInActivation -->
  <testcase name="ScheduledProductActivation" time="0.0" classname="Execution_Suite.Velocity_Withoutlicence_Supplier">
    <skipped/>
  </testcase> <!-- ScheduledProductActivation -->
  <testcase name="CopyProduct" time="0.0" classname="Execution_Suite.Velocity_Withoutlicence_Supplier">
    <skipped/>
  </testcase> <!-- CopyProduct -->
  <testcase name="DeleteImageFromProduct" time="0.0" classname="Execution_Suite.Velocity_Withoutlicence_Supplier">
    <skipped/>
  </testcase> <!-- DeleteImageFromProduct -->
  <testcase name="AddUpdate_Product_MultiplePriceGrid" time="0.0" classname="Execution_Suite.Velocity_Withoutlicence_Supplier">
    <skipped/>
  </testcase> <!-- AddUpdate_Product_MultiplePriceGrid -->
  <testcase name="BulKEdit" time="0.0" classname="Execution_Suite.Velocity_Withoutlicence_Supplier">
    <skipped/>
  </testcase> <!-- BulKEdit -->
  <testcase name="SearchWithKeyword" time="0.0" classname="Execution_Suite.Velocity_Withoutlicence_Supplier">
    <skipped/>
  </testcase> <!-- SearchWithKeyword -->
  <testcase name="DefaultSearch" time="0.0" classname="Execution_Suite.Velocity_Withoutlicence_Supplier">
    <skipped/>
  </testcase> <!-- DefaultSearch -->
  <testcase name="ProductSortByNumber" time="0.0" classname="Execution_Suite.Velocity_Withoutlicence_Supplier">
    <skipped/>
  </testcase> <!-- ProductSortByNumber -->
  <testcase name="ProductSortByName" time="0.0" classname="Execution_Suite.Velocity_Withoutlicence_Supplier">
    <skipped/>
  </testcase> <!-- ProductSortByName -->
  <testcase name="ProductSortByCatalog" time="0.0" classname="Execution_Suite.Velocity_Withoutlicence_Supplier">
    <skipped/>
  </testcase> <!-- ProductSortByCatalog -->
  <testcase name="ProductSortByLastUpdated" time="0.0" classname="Execution_Suite.Velocity_Withoutlicence_Supplier">
    <skipped/>
  </testcase> <!-- ProductSortByLastUpdated -->
  <testcase name="ProductDelete" time="0.0" classname="Execution_Suite.Velocity_Withoutlicence_Supplier">
    <skipped/>
  </testcase> <!-- ProductDelete -->
</testsuite> <!-- Supplier Without EIT Manager Licence On Firefox Browser -->
