<?xml version="1.0" encoding="UTF-8"?>
<!-- Generated by org.testng.reporters.JUnitXMLReporter -->
<testsuite hostname="macpk-wks-0076" ignored="0" name="Videos Feature On Firefox" tests="50" failures="0" timestamp="13 Apr 2019 03:50:04 GMT" time="1177.124" errors="0">
  <testcase name="login" time="10.558" classname="Execution_Suite.Videos_Features"/>
  <testcase name="SupplierSearch" time="16.233" classname="Execution_Suite.Videos_Features"/>
  <testcase name="BannerVerification" time="3.116" classname="Execution_Suite.Videos_Features"/>
  <testcase name="MediaLibrary_BulkDelete" time="59.778" classname="Execution_Suite.Videos_Features"/>
  <testcase name="ImageUpload_MediaLibrary" time="25.67" classname="Execution_Suite.Videos_Features"/>
  <testcase name="MediaLibrary_ImageDelete" time="64.086" classname="Execution_Suite.Videos_Features"/>
  <testcase name="MediaLibrary_VirtualizeImage" time="10.448" classname="Execution_Suite.Videos_Features"/>
  <testcase name="MediaLibrary_ImageCannotVirtualized" time="7.654" classname="Execution_Suite.Videos_Features"/>
  <testcase name="MediaLibrary_NotVirtualizedImage" time="4.422" classname="Execution_Suite.Videos_Features"/>
  <testcase name="DeleteMasking" time="15.271" classname="Execution_Suite.Videos_Features"/>
  <testcase name="MediaLibrary_ClearMediaTag" time="6.707" classname="Execution_Suite.Videos_Features"/>
  <testcase name="AddTags_MediaLibrary" time="15.818" classname="Execution_Suite.Videos_Features"/>
  <testcase name="MediaLibraryVideoSanity_Youtube" time="21.314" classname="Execution_Suite.Videos_Features"/>
  <testcase name="AssociatedProduct_WithYoutubevideo" time="24.153" classname="Execution_Suite.Videos_Features"/>
  <testcase name="UpdateYoutubeVideo" time="33.75" classname="Execution_Suite.Videos_Features"/>
  <testcase name="SearchVideo" time="6.027" classname="Execution_Suite.Videos_Features"/>
  <testcase name="DeleteVideo" time="5.568" classname="Execution_Suite.Videos_Features"/>
  <testcase name="MediaLibraryVideoSanity_VimeoProductLevel" time="12.163" classname="Execution_Suite.Videos_Features"/>
  <testcase name="AssociatedProduct_WithVimeovideo" time="23.175" classname="Execution_Suite.Videos_Features"/>
  <testcase name="UpdateVimeoVideo" time="29.306" classname="Execution_Suite.Videos_Features"/>
  <testcase name="SearchVimeoVideo" time="7.059" classname="Execution_Suite.Videos_Features"/>
  <testcase name="DeleteVimeoVideo" time="13.562" classname="Execution_Suite.Videos_Features"/>
  <testcase name="FacebookVideoCreation_SupplierLevel" time="13.112" classname="Execution_Suite.Videos_Features"/>
  <testcase name="UpdateFacebook_SupplierLevel" time="12.738" classname="Execution_Suite.Videos_Features"/>
  <testcase name="DeleteFaceBook_VideoSupplierLevel" time="13.532" classname="Execution_Suite.Videos_Features"/>
  <testcase name="MediaLibraryVideoSanity_YoutubeShareLinkVideo" time="19.858" classname="Execution_Suite.Videos_Features"/>
  <testcase name="AddingVideosOnProductLevel" time="99.531" classname="Execution_Suite.Videos_Features"/>
  <testcase name="ImageUpload_ProductLevel" time="34.37" classname="Execution_Suite.Videos_Features"/>
  <testcase name="ProductLevel_ImageDelete" time="41.297" classname="Execution_Suite.Videos_Features"/>
  <testcase name="ProductLevel_VirtualizeImage" time="22.439" classname="Execution_Suite.Videos_Features"/>
  <testcase name="ProductLevel_CannotVirtualizedImage" time="6.385" classname="Execution_Suite.Videos_Features"/>
  <testcase name="ProductLevel_ImageNotVirtualizd" time="5.061" classname="Execution_Suite.Videos_Features"/>
  <testcase name="CopyMaskRegion" time="18.667" classname="Execution_Suite.Videos_Features"/>
  <testcase name="DeletingCopyMaskRegions" time="4.474" classname="Execution_Suite.Videos_Features"/>
  <testcase name="VirtualizeTag_ManageImages" time="8.453" classname="Execution_Suite.Videos_Features"/>
  <testcase name="CannotVirtualize_ManageImages" time="16.638" classname="Execution_Suite.Videos_Features"/>
  <testcase name="YoutubeVideo_ProductLevel" time="40.901" classname="Execution_Suite.Videos_Features"/>
  <testcase name="VideosSearch_ProductLevelMediaLibrary" time="7.599" classname="Execution_Suite.Videos_Features"/>
  <testcase name="MediaLibraryProductLevel_UpdateVideo" time="10.613" classname="Execution_Suite.Videos_Features"/>
  <testcase name="VideoIntegrationWithProduct_FromMediaLibraryProductLevel" time="7.717" classname="Execution_Suite.Videos_Features"/>
  <testcase name="DeleteVideo_FromMediaLibrary_AtProductLevel" time="15.991" classname="Execution_Suite.Videos_Features"/>
  <testcase name="SaveChanges_AfterVideoProductLevelSanity" time="83.71" classname="Execution_Suite.Videos_Features"/>
  <testcase name="ToggleAPI_AtSupplierLevel" time="47.579" classname="Execution_Suite.Videos_Features"/>
  <testcase name="AddCatalog_WithDocFile" time="55.939" classname="Execution_Suite.Videos_Features"/>
  <testcase name="EditCatalog" time="10.343" classname="Execution_Suite.Videos_Features"/>
  <testcase name="DeleteCatalog" time="5.94" classname="Execution_Suite.Videos_Features"/>
  <testcase name="AddCatalog_WithURLLink" time="43.095" classname="Execution_Suite.Videos_Features"/>
  <testcase name="AssigningCatalog_AtProductLevel" time="67.63" classname="Execution_Suite.Videos_Features"/>
  <testcase name="CatalogRankingSwitching_AtProductLevel" time="7.831" classname="Execution_Suite.Videos_Features"/>
  <testcase name="CatalogDetails_Verification_OnManageProductsScreen" time="25.061" classname="Execution_Suite.Videos_Features"/>
</testsuite> <!-- Videos Feature On Firefox -->
